2024-09-04 09:35:12|   0.0|  0.0|INFORM|Current FME version: FME 2024.0.1.0 (20240328 - Build 24202 - WIN64)
2024-09-04 09:35:12|   0.0|  0.0|INFORM|System Time: 20240904073512 UTC
2024-09-04 09:35:12|   0.0|  0.0|INFORM|FME_HOME is 'C:\Program Files\FME\'
2024-09-04 09:35:12|   0.0|  0.0|INFORM|FME Form (floating)
2024-09-04 09:35:12|   0.0|  0.0|INFORM|Temporary License: 27 days left.
2024-09-04 09:35:12|   0.0|  0.0|INFORM|Machine host name is: DESKTOP-FJAFOD1
2024-09-04 09:35:12|   0.0|  0.0|INFORM|OS Locale Name     : en_NL
2024-09-04 09:35:12|   0.0|  0.0|INFORM|OS Locale Encoding : windows-1252
2024-09-04 09:35:12|   0.0|  0.0|INFORM|Process Encoding   : UTF-8
2024-09-04 09:35:12|   0.0|  0.0|INFORM|FME API version: '4.0 20240212'
2024-09-04 09:35:12|   0.0|  0.0|INFORM|FME Configuration: FME_BASE is 'no'
2024-09-04 09:35:12|   0.0|  0.0|INFORM|FME Configuration: FME_MF_DIR is 'C:\Users\JasperKlingenAvineon\source\repos\fme-git-compare/'
2024-09-04 09:35:12|   0.0|  0.0|INFORM|FME Configuration: FME_MF_NAME is 'xlsxr2none.fmw'
2024-09-04 09:35:12|   0.0|  0.0|INFORM|FME Configuration: FME_PRODUCT_NAME is 'FME(R) 2024.0.1.0'
2024-09-04 09:35:12|   0.0|  0.0|INFORM|Operating System: Microsoft Windows 11 64-bit  (Build 22621)
2024-09-04 09:35:12|   0.0|  0.0|INFORM|FME Platform: WIN64
2024-09-04 09:35:12|   0.0|  0.0|INFORM|System Status: 250.82 GB of disk space available in the FME temporary folder (C:\Users\JASPER~1\AppData\Local\Temp\wbrun_1725431898973_27020\fmetmp_4)
2024-09-04 09:35:12|   0.0|  0.0|INFORM|System Status: 31.69 GB of physical memory available
2024-09-04 09:35:12|   0.0|  0.0|INFORM|System Status: 126.77 GB of virtual memory available
2024-09-04 09:35:12|   0.0|  0.0|INFORM|START - ProcessID: 464, peak process memory usage: 45572 kB, current process memory usage: 45572 kB
2024-09-04 09:35:12|   0.0|  0.0|INFORM|FME Configuration: Command line arguments are `C:\Program Files\FME\fme.exe' `C:\Users\JasperKlingenAvineon\source\repos\fme-git-compare\wb-xlate-1725435308522_27020' `LOG_STANDARDOUT' `YES' `LOG_TIMINGS' `YES' `LogCountServerName' `60933' `LOG_STANDARDOUT' `No' `WORKBENCH_LOG_SERVER' `59471'
2024-09-04 09:35:12|   0.0|  0.0|INFORM|FME Configuration: Connection Storage: 'C:\Users\JasperKlingenAvineon\AppData\Roaming\Safe Software\FME\'
2024-09-04 09:35:12|   0.0|  0.0|INFORM|Shared folders for formats are : C:\Program Files\FME\datasources;C:\Users\JasperKlingenAvineon\OneDrive - Tensing\Documents\FME\Formats
2024-09-04 09:35:12|   0.0|  0.0|INFORM|Shared folders for transformers are : C:\Users\JasperKlingenAvineon\AppData\Roaming\Safe Software\FME\Packages\24202-win64\transformers;C:\Program Files\FME\transformers
2024-09-04 09:35:12|   0.0|  0.0|INFORM|Shared folders for coordinate systems are : C:\Users\JasperKlingenAvineon\OneDrive - Tensing\Documents\FME\CoordinateSystems
2024-09-04 09:35:12|   0.0|  0.0|INFORM|Shared folders for coordinate system exceptions are : C:\Users\JasperKlingenAvineon\OneDrive - Tensing\Documents\FME\CoordinateSystemExceptions
2024-09-04 09:35:12|   0.0|  0.0|INFORM|Shared folders for coordinate system grid overrides are : C:\Users\JasperKlingenAvineon\OneDrive - Tensing\Documents\FME\CoordinateSystemGridOverrides
2024-09-04 09:35:12|   0.0|  0.0|INFORM|Shared folders for CS-MAP transformation exceptions are : C:\Users\JasperKlingenAvineon\OneDrive - Tensing\Documents\FME\CsmapTransformationExceptions
2024-09-04 09:35:12|   0.0|  0.0|INFORM|Shared folders for transformer categories are : C:\Users\JasperKlingenAvineon\OneDrive - Tensing\Documents\FME\TransformerCategories
2024-09-04 09:35:12|   0.0|  0.0|INFORM|FME Configuration: Reader Keyword is `MULTI_READER'
2024-09-04 09:35:12|   0.0|  0.0|INFORM|FME Configuration: Writer Keyword is `PRIMARY_DEST'
2024-09-04 09:35:12|   0.0|  0.0|INFORM|FME Configuration: Writer Group Definition Keyword is `PRIMARY_DEST_DEF'
2024-09-04 09:35:12|   0.0|  0.0|INFORM|FME Configuration: Reader type is `MULTI_READER'
2024-09-04 09:35:12|   0.0|  0.0|INFORM|FME Configuration: Writer type is `MULTI_WRITER'
2024-09-04 09:35:12|   0.0|  0.0|INFORM|FME Configuration: No destination coordinate system set
2024-09-04 09:35:12|   0.0|  0.0|INFORM|FME Configuration: Current working folder is `C:\Users\JasperKlingenAvineon\source\repos\fme-git-compare'
2024-09-04 09:35:12|   0.0|  0.0|INFORM|FME Configuration: Temporary folder is `C:\Users\JASPER~1\AppData\Local\Temp\wbrun_1725431898973_27020\fmetmp_4', set from environment variable `FME_TEMP'
2024-09-04 09:35:12|   0.0|  0.0|INFORM|FME Configuration: Cache folder is 'C:\Users\JASPER~1\AppData\Local\Temp'
2024-09-04 09:35:12|   0.0|  0.0|INFORM|FME Configuration: FME_HOME is `C:\Program Files\FME\'
2024-09-04 09:35:12|   0.0|  0.0|INFORM|FME Configuration: Start freeing memory when the process exceeds 95.08 GB
2024-09-04 09:35:12|   0.0|  0.0|INFORM|FME Configuration: Stop freeing memory when the process is below 71.31 GB
2024-09-04 09:35:12|   0.0|  0.0|INFORM|Creating writer for format: 
2024-09-04 09:35:12|   0.0|  0.0|INFORM|Creating reader for format: 
2024-09-04 09:35:12|   0.0|  0.0|INFORM|MULTI_READER(MULTI_READER): Will fail with first member reader failure
2024-09-04 09:35:12|   0.0|  0.0|INFORM|Using Multi Reader with keyword `MULTI_READER' to read multiple datasets
2024-09-04 09:35:12|   0.0|  0.0|INFORM|Using MultiWriter with keyword `PRIMARY_DEST' to output data (ID_ATTRIBUTE is `multi_writer_id')
2024-09-04 09:35:12|   0.0|  0.0|INFORM|Writer output will be ordered by value of multi_writer_id
2024-09-04 09:35:12|   0.0|  0.0|INFORM|Loaded module 'LogCount_func' from file 'C:\Program Files\FME\plugins/LogCount_func.dll'
2024-09-04 09:35:12|   0.0|  0.0|INFORM|FME API version of module 'LogCount_func' matches current internal version (4.0 20240212)
2024-09-04 09:35:12|   0.0|  0.0|INFORM|Emptying factory pipeline
2024-09-04 09:35:12|   0.0|  0.0|STATS |Router and Unexpected Input Remover (RoutingFactory): Tested 0 input feature(s), wrote 0 output feature(s): 0 matched merge filters, 0 were routed to output, 0 could not be routed.
2024-09-04 09:35:12|   0.0|  0.0|STATS |Unwanted Router Input Nuker (TeeFactory): Cloned 0 input feature(s) into 0 output feature(s)
2024-09-04 09:35:12|   0.0|  0.0|STATS |Sheet1_XLSXR_1 Splitter (TeeFactory): Cloned 0 input feature(s) into 0 output feature(s)
2024-09-04 09:35:14|   0.0|  0.0|STATS |Restoring 8 feature(s) from FME feature store file `C:\Users\JASPER~1\AppData\Local\Temp\wb-cache--PItXOA\Main_AttributeManager -1 7 fo 0 OUTPUT  0  dfd5ed8fc3877606380828c44c0edf5f90b35147.ffs'
2024-09-04 09:35:14|   0.0|  0.0|INFORM|FME Configuration: Using FME Reprojection Engine
2024-09-04 09:35:14|   0.0|  0.0|INFORM|Creating writer for format: SQLite
2024-09-04 09:35:14|   0.0|  0.0|INFORM|Trying to find a DYNAMIC plugin for writer named `SQLITE3'
2024-09-04 09:35:15|   0.0|  0.0|INFORM|Loaded module 'SQLITE3' from file 'C:\Program Files\FME\plugins/FME_SQLITE3.dll'
2024-09-04 09:35:15|   0.0|  0.0|INFORM|FME API version of module 'FME_SQLITE3' matches current internal version (4.0 20240212)
2024-09-04 09:35:15|   0.0|  0.0|INFORM|FME Configuration: Destination coordinate system set to `Amersfoort-RDNew'
2024-09-04 09:35:15|   0.0|  0.0|INFORM|Coordinate System `Amersfoort-RDNew' parameters: CS_NAME=`Amersfoort-RDNew' DESC_NM=`Netherlands, Amersfoort datum, New System' DT_NAME=`Amersfoort/b' EPSG_QD=`1' GROUP=`EUROPE' MAP_SCL=`1' MAX_LAT=`54.05' MAX_LNG=`7.75' MIN_LAT=`50.45' MIN_LNG=`2.7' ORG_LAT=`52.15616055555556' ORG_LNG=`5.387638888888889' PROJ=`OSTERO' QUAD=`1' SCL_RED=`0.9999079' SOURCE=`European Petroleum Survey Group' UNIT=`METER' X_OFF=`155000' Y_OFF=`463000'
2024-09-04 09:35:15|   0.0|  0.0|INFORM|Writer `SQLITE3_1' of type `SQLITE3' using group definition keyword `SQLITE3_1_DEF'
2024-09-04 09:35:15|   0.0|  0.0|INFORM|SQLite Writer: Overwriting existing dataset 'C:\Users\JasperKlingenAvineon\source\repos\fme-git-compare\pointsdb.sqlite'
2024-09-04 09:35:15|   0.0|  0.0|INFORM|SQLite Writer: Opening `C:\Users\JasperKlingenAvineon\source\repos\fme-git-compare\pointsdb.sqlite' for write operation
2024-09-04 09:35:15|   0.0|  0.0|INFORM|SQLITE3 writer: Creating bulk features from individual features
2024-09-04 09:35:15|   0.0|  0.0|STATS |Destination Feature Type Routing Correlator (RoutingFactory): Tested 8 input feature(s), wrote 8 output feature(s): 0 matched merge filters, 8 were routed to output, 0 could not be routed.
2024-09-04 09:35:15|   0.0|  0.0|STATS |Final Output Nuker (TeeFactory): Cloned 0 input feature(s) into 0 output feature(s)
2024-09-04 09:35:15|   0.0|  0.0|INFORM|SQLite Writer: Creating table 'PointTable'
2024-09-04 09:35:15|   0.0|  0.0|INFORM|SQLite Writer: Closing `C:\Users\JasperKlingenAvineon\source\repos\fme-git-compare\pointsdb.sqlite' . Write operation complete
2024-09-04 09:35:15|   0.0|  0.0|INFORM|=-=-=-=-=-=-=-=-=-=-=-=-=-=-=-=-=-=-=-=-=-=-=-=-=-=-=-=-=-=-=-=-=-=-=-=-=-=-=-
2024-09-04 09:35:15|   0.0|  0.0|INFORM|Feature output statistics for `SQLITE3' writer using keyword `SQLITE3_1':
2024-09-04 09:35:15|   0.0|  0.0|STATS |=-=-=-=-=-=-=-=-=-=-=-=-=-=-=-=-=-=-=-=-=-=-=-=-=-=-=-=-=-=-=-=-=-=-=-=-=-=-=-
2024-09-04 09:35:15|   0.0|  0.0|STATS |                               Features Written
2024-09-04 09:35:15|   0.0|  0.0|STATS |=-=-=-=-=-=-=-=-=-=-=-=-=-=-=-=-=-=-=-=-=-=-=-=-=-=-=-=-=-=-=-=-=-=-=-=-=-=-=-
2024-09-04 09:35:15|   0.0|  0.0|STATS |PointTable                                                                   8
2024-09-04 09:35:15|   0.0|  0.0|STATS |==============================================================================
2024-09-04 09:35:15|   0.0|  0.0|STATS |Total Features Written                                                       8
2024-09-04 09:35:15|   0.0|  0.0|STATS |=-=-=-=-=-=-=-=-=-=-=-=-=-=-=-=-=-=-=-=-=-=-=-=-=-=-=-=-=-=-=-=-=-=-=-=-=-=-=-
2024-09-04 09:35:15|   0.0|  0.0|STATS |=-=-=-=-=-=-=-=-=-=-=-=-=-=-=-=-=-=-=-=-=-=-=-=-=-=-=-=-=-=-=-=-=-=-=-=-=-=-=-
2024-09-04 09:35:15|   0.0|  0.0|STATS |                            Features Read Summary
2024-09-04 09:35:15|   0.0|  0.0|STATS |=-=-=-=-=-=-=-=-=-=-=-=-=-=-=-=-=-=-=-=-=-=-=-=-=-=-=-=-=-=-=-=-=-=-=-=-=-=-=-
2024-09-04 09:35:15|   0.0|  0.0|STATS |==============================================================================
2024-09-04 09:35:15|   0.0|  0.0|STATS |Total Features Read                                                          0
2024-09-04 09:35:15|   0.0|  0.0|STATS |=-=-=-=-=-=-=-=-=-=-=-=-=-=-=-=-=-=-=-=-=-=-=-=-=-=-=-=-=-=-=-=-=-=-=-=-=-=-=-
2024-09-04 09:35:15|   0.0|  0.0|STATS |=-=-=-=-=-=-=-=-=-=-=-=-=-=-=-=-=-=-=-=-=-=-=-=-=-=-=-=-=-=-=-=-=-=-=-=-=-=-=-
2024-09-04 09:35:15|   0.0|  0.0|STATS |                           Features Written Summary
2024-09-04 09:35:15|   0.0|  0.0|STATS |=-=-=-=-=-=-=-=-=-=-=-=-=-=-=-=-=-=-=-=-=-=-=-=-=-=-=-=-=-=-=-=-=-=-=-=-=-=-=-
2024-09-04 09:35:15|   0.0|  0.0|STATS |PointTable                                                                   8
2024-09-04 09:35:15|   0.0|  0.0|STATS |==============================================================================
2024-09-04 09:35:15|   0.0|  0.0|STATS |Total Features Written                                                       8
2024-09-04 09:35:15|   0.0|  0.0|STATS |=-=-=-=-=-=-=-=-=-=-=-=-=-=-=-=-=-=-=-=-=-=-=-=-=-=-=-=-=-=-=-=-=-=-=-=-=-=-=-
2024-09-04 09:35:15|   0.0|  0.0|WARN  |-~-~-~-~-~-~-~-~-~-~-~-~-~-~-~-~-~-~-~-~-~-~-~-~-~-~-~-~-~-~-~-~-~-~-~-~-~-~-~-~-
2024-09-04 09:35:15|   0.0|  0.0|WARN  |-~                                                                             ~-
2024-09-04 09:35:15|   0.0|  0.0|WARN  |-~    Feature caches have been recorded at every stage of the translation.     ~-
2024-09-04 09:35:15|   0.0|  0.0|WARN  |-~                      To inspect the recorded features,                      ~-
2024-09-04 09:35:15|   0.0|  0.0|WARN  |-~              click the feature cache icons next to the ports.               ~-
2024-09-04 09:35:15|   0.0|  0.0|WARN  |-~                                                                             ~-
2024-09-04 09:35:15|   0.0|  0.0|WARN  |-~-~-~-~-~-~-~-~-~-~-~-~-~-~-~-~-~-~-~-~-~-~-~-~-~-~-~-~-~-~-~-~-~-~-~-~-~-~-~-~-
2024-09-04 09:35:15|   0.0|  0.0|INFORM|Translation was SUCCESSFUL with 7 warning(s) (8 feature(s) output)
2024-09-04 09:35:15|   0.0|  0.0|INFORM|FME Session Duration: 3.1 seconds. (CPU: 0.0s user, 0.0s system)
2024-09-04 09:35:15|   0.0|  0.0|INFORM|END - ProcessID: 464, peak process memory usage: 63916 kB, current process memory usage: 63916 kB
